Using pre-set license
Built from '2021.3/staging' branch; Version is '2021.3.6f1 (7da38d85baf6) revision 8233869'; Using compiler version '192829333'; Build Type 'Release'
OS: 'Windows 10  (10.0.19044) 64bit Core' Language: 'en' Physical Memory: 32699 MB
BatchMode: 1, IsHumanControllingUs: 0, StartBugReporterOnCrash: 0, Is64bit: 1, IsPro: 1

COMMAND LINE ARGUMENTS:
D:\Program Files (x86)\Unity\Hub\Editor\2021.3.6f1\Editor\Unity.exe
-adb2
-batchMode
-noUpm
-name
AssetImportWorker0
-projectPath
D:/Gits/22T3-GDS212-VR
-logFile
Logs/AssetImportWorker0.log
-srvPort
55517
Successfully changed project path to: D:/Gits/22T3-GDS212-VR
D:/Gits/22T3-GDS212-VR
[UnityMemory] Configuration Parameters - Can be set up in boot.config
    "memorysetup-bucket-allocator-granularity=16"
    "memorysetup-bucket-allocator-bucket-count=8"
    "memorysetup-bucket-allocator-block-size=33554432"
    "memorysetup-bucket-allocator-block-count=8"
    "memorysetup-main-allocator-block-size=16777216"
    "memorysetup-thread-allocator-block-size=16777216"
    "memorysetup-gfx-main-allocator-block-size=16777216"
    "memorysetup-gfx-thread-allocator-block-size=16777216"
    "memorysetup-cache-allocator-block-size=4194304"
    "memorysetup-typetree-allocator-block-size=2097152"
    "memorysetup-profiler-bucket-allocator-granularity=16"
    "memorysetup-profiler-bucket-allocator-bucket-count=8"
    "memorysetup-profiler-bucket-allocator-block-size=33554432"
    "memorysetup-profiler-bucket-allocator-block-count=8"
    "memorysetup-profiler-allocator-block-size=16777216"
    "memorysetup-profiler-editor-allocator-block-size=1048576"
    "memorysetup-temp-allocator-size-main=16777216"
    "memorysetup-job-temp-allocator-block-size=2097152"
    "memorysetup-job-temp-allocator-block-size-background=1048576"
    "memorysetup-job-temp-allocator-reduction-small-platforms=262144"
    "memorysetup-temp-allocator-size-background-worker=32768"
    "memorysetup-temp-allocator-size-job-worker=262144"
    "memorysetup-temp-allocator-size-preload-manager=33554432"
    "memorysetup-temp-allocator-size-nav-mesh-worker=65536"
    "memorysetup-temp-allocator-size-audio-worker=65536"
    "memorysetup-temp-allocator-size-cloud-worker=32768"
    "memorysetup-temp-allocator-size-gi-baking-worker=262144"
    "memorysetup-temp-allocator-size-gfx=262144"
Refreshing native plugins compatible for Editor in 97.75 ms, found 6 plugins.
Preloading 1 native plugins for Editor in 0.79 ms.
Initialize engine version: 2021.3.6f1 (7da38d85baf6)
[Subsystems] Discovering subsystems at path D:/Program Files (x86)/Unity/Hub/Editor/2021.3.6f1/Editor/Data/Resources/UnitySubsystems
[Subsystems] Discovering subsystems at path D:/Gits/22T3-GDS212-VR/Assets
GfxDevice: creating device client; threaded=0; jobified=0
Direct3D:
    Version:  Direct3D 11.0 [level 11.1]
    Renderer: NVIDIA GeForce RTX 3070 (ID=0x2484)
    Vendor:   NVIDIA
    VRAM:     8043 MB
    Driver:   31.0.15.1694
Initialize mono
Mono path[0] = 'D:/Program Files (x86)/Unity/Hub/Editor/2021.3.6f1/Editor/Data/Managed'
Mono path[1] = 'D:/Program Files (x86)/Unity/Hub/Editor/2021.3.6f1/Editor/Data/MonoBleedingEdge/lib/mono/unityjit-win32'
Mono config path = 'D:/Program Files (x86)/Unity/Hub/Editor/2021.3.6f1/Editor/Data/MonoBleedingEdge/etc'
Using monoOptions --debugger-agent=transport=dt_socket,embedding=1,server=y,suspend=n,address=127.0.0.1:56908
Begin MonoManager ReloadAssembly
Registering precompiled unity dll's ...
Register platform support module: D:/Program Files (x86)/Unity/Hub/Editor/2021.3.6f1/Editor/Data/PlaybackEngines/WindowsStandaloneSupport/UnityEditor.WindowsStandalone.Extensions.dll
Registered in 0.003276 seconds.
Native extension for WindowsStandalone target not found
Refreshing native plugins compatible for Editor in 96.91 ms, found 6 plugins.
Preloading 1 native plugins for Editor in 0.06 ms.
Mono: successfully reloaded assembly
- Completed reload, in  0.589 seconds
Domain Reload Profiling:
	ReloadAssembly (589ms)
		BeginReloadAssembly (66ms)
			ExecutionOrderSort (0ms)
			DisableScriptedObjects (0ms)
			BackupInstance (0ms)
			ReleaseScriptingObjects (0ms)
			CreateAndSetChildDomain (1ms)
		EndReloadAssembly (424ms)
			LoadAssemblies (65ms)
			RebuildTransferFunctionScriptingTraits (0ms)
			SetupTypeCache (98ms)
			ReleaseScriptCaches (0ms)
			RebuildScriptCaches (24ms)
			SetupLoadedEditorAssemblies (260ms)
				LogAssemblyErrors (0ms)
				InitializePlatformSupportModulesInManaged (6ms)
				SetLoadedEditorAssemblies (0ms)
				RefreshPlugins (97ms)
				BeforeProcessingInitializeOnLoad (1ms)
				ProcessInitializeOnLoadAttributes (110ms)
				ProcessInitializeOnLoadMethodAttributes (45ms)
				AfterProcessingInitializeOnLoad (0ms)
				EditorAssembliesLoaded (0ms)
			ExecutionOrderSort2 (0ms)
			AwakeInstancesAfterBackupRestoration (0ms)
Platform modules already initialized, skipping
Registering precompiled user dll's ...
Registered in 0.005227 seconds.
Begin MonoManager ReloadAssembly
Symbol file LoadedFromMemory doesn't match image D:\Gits\22T3-GDS212-VR\Library\PackageCache\com.unity.visualscripting@1.7.8\Editor\VisualScripting.Core\Dependencies\YamlDotNet\Unity.VisualScripting.YamlDotNet.dll
Symbol file LoadedFromMemory doesn't match image D:\Gits\22T3-GDS212-VR\Library\PackageCache\com.unity.visualscripting@1.7.8\Editor\VisualScripting.Core\Dependencies\DotNetZip\Unity.VisualScripting.IonicZip.dll
Native extension for WindowsStandalone target not found
Refreshing native plugins compatible for Editor in 98.81 ms, found 6 plugins.
Preloading 1 native plugins for Editor in 0.05 ms.
Package Manager log level set to [2]
System.Reflection.TargetInvocationException: Exception has been thrown by the target of an invocation. ---> System.NullReferenceException: Object reference not set to an instance of an object
  at Unity.XR.Oculus.OculusLoader.AssetPathToAbsolutePath (System.String assetPath) [0x0003d] in D:\Gits\22T3-GDS212-VR\Library\PackageCache\com.unity.xr.oculus@3.0.2\Runtime\OculusLoader.cs:271 
  at Unity.XR.Oculus.OculusLoader.EditorLoadOVRPlugin () [0x0007b] in D:\Gits\22T3-GDS212-VR\Library\PackageCache\com.unity.xr.oculus@3.0.2\Runtime\OculusLoader.cs:256 
  at (wrapper managed-to-native) System.Reflection.RuntimeMethodInfo.InternalInvoke(System.Reflection.RuntimeMethodInfo,object,object[],System.Exception&)
  at System.Reflection.RuntimeMethodInfo.Invoke (System.Object obj, System.Reflection.BindingFlags invokeAttr, System.Reflection.Binder binder, System.Object[] parameters, System.Globalization.CultureInfo culture) [0x0006a] in <e40e5a8f982c4b618a930d29f9bd091c>:0 
   --- End of inner exception stack trace ---
  at System.Reflection.RuntimeMethodInfo.Invoke (System.Object obj, System.Reflection.BindingFlags invokeAttr, System.Reflection.Binder binder, System.Object[] parameters, System.Globalization.CultureInfo culture) [0x00083] in <e40e5a8f982c4b618a930d29f9bd091c>:0 
  at System.Reflection.MethodBase.Invoke (System.Object obj, System.Object[] parameters) [0x00000] in <e40e5a8f982c4b618a930d29f9bd091c>:0 
  at UnityEditor.EditorAssemblies.ProcessInitializeOnLoadMethodAttributes () [0x000a5] in <44a70d1b13cf47e29810e30f45ffae08>:0 
UnityEngine.StackTraceUtility:ExtractStackTrace ()
UnityEngine.DebugLogHandler:LogFormat (UnityEngine.LogType,UnityEngine.Object,string,object[])
UnityEngine.Logger:Log (UnityEngine.LogType,object)
UnityEngine.Debug:LogError (object)
UnityEditor.EditorAssemblies:ProcessInitializeOnLoadMethodAttributes ()

Mono: successfully reloaded assembly
- Completed reload, in  1.078 seconds
Domain Reload Profiling:
	ReloadAssembly (1078ms)
		BeginReloadAssembly (96ms)
			ExecutionOrderSort (0ms)
			DisableScriptedObjects (6ms)
			BackupInstance (0ms)
			ReleaseScriptingObjects (0ms)
			CreateAndSetChildDomain (17ms)
		EndReloadAssembly (876ms)
			LoadAssemblies (71ms)
			RebuildTransferFunctionScriptingTraits (0ms)
			SetupTypeCache (236ms)
			ReleaseScriptCaches (1ms)
			RebuildScriptCaches (52ms)
			SetupLoadedEditorAssemblies (478ms)
				LogAssemblyErrors (0ms)
				InitializePlatformSupportModulesInManaged (3ms)
				SetLoadedEditorAssemblies (0ms)
				RefreshPlugins (99ms)
				BeforeProcessingInitializeOnLoad (91ms)
				ProcessInitializeOnLoadAttributes (253ms)
				ProcessInitializeOnLoadMethodAttributes (27ms)
				AfterProcessingInitializeOnLoad (3ms)
				EditorAssembliesLoaded (0ms)
			ExecutionOrderSort2 (0ms)
			AwakeInstancesAfterBackupRestoration (6ms)
Platform modules already initialized, skipping
========================================================================
Worker process is ready to serve import requests
Launched and connected shader compiler UnityShaderCompiler.exe after 0.05 seconds
Refreshing native plugins compatible for Editor in 0.89 ms, found 6 plugins.
Preloading 1 native plugins for Editor in 0.07 ms.
Unloading 4155 Unused Serialized files (Serialized files now loaded: 0)
Unloading 32 unused Assets / (111.0 KB). Loaded Objects now: 4613.
Memory consumption went from 144.6 MB to 144.5 MB.
Total: 3.336300 ms (FindLiveObjects: 0.360400 ms CreateObjectMapping: 0.115500 ms MarkObjects: 2.762000 ms  DeleteObjects: 0.097600 ms)

AssetImportParameters requested are different than current active one (requested -> active):
  custom:video-decoder-ogg-theora: a1e56fd34408186e4bbccfd4996cb3dc -> 
  custom:container-muxer-webm: aa71ff27fc2769a1b78a27578f13a17b -> 
  custom:container-demuxer-webm: 4f35f7cbe854078d1ac9338744f61a02 -> 
  custom:video-encoder-webm-vp8: eb34c28f22e8b96e1ab97ce403110664 -> 
  custom:audio-encoder-webm-vorbis: bf7c407c2cedff20999df2af8eb42d56 -> 
  custom:framework-win-MediaFoundation: 216162199b28c13a410421893ffa2e32 -> 
  custom:container-demuxer-ogg: 62fdf1f143b41e24485cea50d1cbac27 -> 
  custom:video-decoder-webm-vp8: 9c59270c3fd7afecdb556c50c9e8de78 -> 
  custom:audio-decoder-ogg-vorbis: bf7c407c2cedff20999df2af8eb42d56 -> 
========================================================================
Received Import Request.
  Time since last request: 101727.829477 seconds.
  path: Assets/Scenes
  artifactKey: Guid(6ea315d0fd7389c41b19996891e99ae3) Importer(815301076,1909f56bfc062723c751e8b465ee728b)
Start importing Assets/Scenes using Guid(6ea315d0fd7389c41b19996891e99ae3) Importer(815301076,1909f56bfc062723c751e8b465ee728b)  -> (artifact id: 'b8193726cff86800c54781cdc6d54904') in 0.007101 seconds 
========================================================================
Received Import Request.
  Time since last request: 195.418726 seconds.
  path: Assets/L0-Hub
  artifactKey: Guid(0474de69e7fd1e74380aca663b0166e7) Importer(815301076,1909f56bfc062723c751e8b465ee728b)
Start importing Assets/L0-Hub using Guid(0474de69e7fd1e74380aca663b0166e7) Importer(815301076,1909f56bfc062723c751e8b465ee728b)  -> (artifact id: '8490b1b9e7e32f956896c1a2b2b29baa') in 0.001300 seconds 
========================================================================
Received Import Request.
  Time since last request: 0.874419 seconds.
  path: Assets/L0-Hub/S0-Hub.unity
  artifactKey: Guid(fd2456102e2ea3a42a7be0f7d7dd2f34) Importer(815301076,1909f56bfc062723c751e8b465ee728b)
Start importing Assets/L0-Hub/S0-Hub.unity using Guid(fd2456102e2ea3a42a7be0f7d7dd2f34) Importer(815301076,1909f56bfc062723c751e8b465ee728b)  -> (artifact id: '1363ba39ee7fc4e7d1035a87aa5e0f83') in 0.001324 seconds 
========================================================================
Received Import Request.
  Time since last request: 0.775795 seconds.
  path: Assets/L0-Hub/S0-Hub 1.unity
  artifactKey: Guid(aef472ae08b36bb46b97277ad37f2d67) Importer(815301076,1909f56bfc062723c751e8b465ee728b)
Start importing Assets/L0-Hub/S0-Hub 1.unity using Guid(aef472ae08b36bb46b97277ad37f2d67) Importer(815301076,1909f56bfc062723c751e8b465ee728b)  -> (artifact id: 'e4161dee70a7d5928adfc843a8b3bb87') in 0.001148 seconds 
========================================================================
Received Import Request.
  Time since last request: 0.688242 seconds.
  path: Assets/L0-Hub/S0-Hub 2.unity
  artifactKey: Guid(bf99cdd85a8e4984a87adbf2d2b1b34f) Importer(815301076,1909f56bfc062723c751e8b465ee728b)
Start importing Assets/L0-Hub/S0-Hub 2.unity using Guid(bf99cdd85a8e4984a87adbf2d2b1b34f) Importer(815301076,1909f56bfc062723c751e8b465ee728b)  -> (artifact id: '8350a4bc658acfb987cfbf54c0e4303d') in 0.001168 seconds 
========================================================================
Received Import Request.
  Time since last request: 0.207504 seconds.
  path: Assets/L0-Hub/S0-Hub 3.unity
  artifactKey: Guid(80574b83ae8c63a49aacce55a404b34d) Importer(815301076,1909f56bfc062723c751e8b465ee728b)
Start importing Assets/L0-Hub/S0-Hub 3.unity using Guid(80574b83ae8c63a49aacce55a404b34d) Importer(815301076,1909f56bfc062723c751e8b465ee728b)  -> (artifact id: '0f9515d8f648d6ed24f3fcbbb44b9f3e') in 0.001208 seconds 
========================================================================
Received Import Request.
  Time since last request: 7.475568 seconds.
  path: Assets/L1-Base_Defense
  artifactKey: Guid(aeeca233cd9b1d043a68dcd65a1c924c) Importer(815301076,1909f56bfc062723c751e8b465ee728b)
Start importing Assets/L1-Base_Defense using Guid(aeeca233cd9b1d043a68dcd65a1c924c) Importer(815301076,1909f56bfc062723c751e8b465ee728b)  -> (artifact id: 'a7eafd2dfc94a0642de0313fe7b5df38') in 0.001231 seconds 
========================================================================
Received Import Request.
  Time since last request: 11.655656 seconds.
  path: Assets/L1-Base_Defense/S1-BaseDefense.unity
  artifactKey: Guid(aef472ae08b36bb46b97277ad37f2d67) Importer(815301076,1909f56bfc062723c751e8b465ee728b)
Start importing Assets/L1-Base_Defense/S1-BaseDefense.unity using Guid(aef472ae08b36bb46b97277ad37f2d67) Importer(815301076,1909f56bfc062723c751e8b465ee728b)  -> (artifact id: 'f4e08237fd9384834a48643a492cba9e') in 0.001517 seconds 
========================================================================
Received Import Request.
  Time since last request: 25.157352 seconds.
  path: Assets/L1-Base_Defense/S1-Base_Defense.unity
  artifactKey: Guid(aef472ae08b36bb46b97277ad37f2d67) Importer(815301076,1909f56bfc062723c751e8b465ee728b)
Start importing Assets/L1-Base_Defense/S1-Base_Defense.unity using Guid(aef472ae08b36bb46b97277ad37f2d67) Importer(815301076,1909f56bfc062723c751e8b465ee728b)  -> (artifact id: '565ae2863a5c562eedf0992a955eb737') in 0.001328 seconds 
========================================================================
Received Import Request.
  Time since last request: 2.909606 seconds.
  path: Assets/L2-Break_Room
  artifactKey: Guid(d2d9ae6e7e43f614998de2a86238f000) Importer(815301076,1909f56bfc062723c751e8b465ee728b)
Start importing Assets/L2-Break_Room using Guid(d2d9ae6e7e43f614998de2a86238f000) Importer(815301076,1909f56bfc062723c751e8b465ee728b)  -> (artifact id: '1719df0d64eeb51bce1302ceb2912a28') in 0.001257 seconds 
========================================================================
Received Import Request.
  Time since last request: 24.353230 seconds.
  path: Assets/L2-Break_Room/S1-Base_Defense.unity
  artifactKey: Guid(6fb7f3186608bed42927af2cfa18459e) Importer(815301076,1909f56bfc062723c751e8b465ee728b)
Start importing Assets/L2-Break_Room/S1-Base_Defense.unity using Guid(6fb7f3186608bed42927af2cfa18459e) Importer(815301076,1909f56bfc062723c751e8b465ee728b)  -> (artifact id: '6ce405eb9b435e7bff4ed425bff48a6f') in 0.001016 seconds 
========================================================================
Received Import Request.
  Time since last request: 9.615429 seconds.
  path: Assets/L2-Break_Room/S2-Break_Room.unity
  artifactKey: Guid(6fb7f3186608bed42927af2cfa18459e) Importer(815301076,1909f56bfc062723c751e8b465ee728b)
Start importing Assets/L2-Break_Room/S2-Break_Room.unity using Guid(6fb7f3186608bed42927af2cfa18459e) Importer(815301076,1909f56bfc062723c751e8b465ee728b)  -> (artifact id: 'b7de9265a969c76a63bcc4aa9d964fb2') in 0.001253 seconds 
========================================================================
Received Import Request.
  Time since last request: 3.594028 seconds.
  path: Assets/L3-Escape_Room
  artifactKey: Guid(e6c11f6157af9894688b00646d62e1ac) Importer(815301076,1909f56bfc062723c751e8b465ee728b)
Start importing Assets/L3-Escape_Room using Guid(e6c11f6157af9894688b00646d62e1ac) Importer(815301076,1909f56bfc062723c751e8b465ee728b)  -> (artifact id: '0beb57c3c9975865ea588d98696a0925') in 0.001268 seconds 
========================================================================
Received Import Request.
  Time since last request: 3.045322 seconds.
  path: Assets/L3-Escape_Room/S1-Base_Defense.unity
  artifactKey: Guid(b252fa7764189334fbdf898ce3b926c8) Importer(815301076,1909f56bfc062723c751e8b465ee728b)
Start importing Assets/L3-Escape_Room/S1-Base_Defense.unity using Guid(b252fa7764189334fbdf898ce3b926c8) Importer(815301076,1909f56bfc062723c751e8b465ee728b)  -> (artifact id: 'cf037199932f8371fe4be5828a8265cc') in 0.001173 seconds 
========================================================================
Received Import Request.
  Time since last request: 7.760642 seconds.
  path: Assets/L3-Escape_Room/S3-Escape_Room.unity
  artifactKey: Guid(b252fa7764189334fbdf898ce3b926c8) Importer(815301076,1909f56bfc062723c751e8b465ee728b)
Start importing Assets/L3-Escape_Room/S3-Escape_Room.unity using Guid(b252fa7764189334fbdf898ce3b926c8) Importer(815301076,1909f56bfc062723c751e8b465ee728b)  -> (artifact id: '0e4015f665d04264bd7a7d245616b418') in 0.001390 seconds 
========================================================================
Received Import Request.
  Time since last request: 4.567694 seconds.
  path: Assets/Proto-PreMain
  artifactKey: Guid(4987e44d186b93a4ab9a85021d23dc2c) Importer(815301076,1909f56bfc062723c751e8b465ee728b)
Start importing Assets/Proto-PreMain using Guid(4987e44d186b93a4ab9a85021d23dc2c) Importer(815301076,1909f56bfc062723c751e8b465ee728b)  -> (artifact id: '7924bf9e85bc12ca22849f7a5556d2ba') in 0.001341 seconds 
========================================================================
Received Import Request.
  Time since last request: 1.296659 seconds.
  path: Assets/Proto-PreMain/S1-Base_Defense.unity
  artifactKey: Guid(a416c3fbd2003ac44a88f4e352f3e17a) Importer(815301076,1909f56bfc062723c751e8b465ee728b)
Start importing Assets/Proto-PreMain/S1-Base_Defense.unity using Guid(a416c3fbd2003ac44a88f4e352f3e17a) Importer(815301076,1909f56bfc062723c751e8b465ee728b)  -> (artifact id: '18112ed3d275c931fca346c80a93efcb') in 0.001268 seconds 
========================================================================
Received Import Request.
  Time since last request: 7.562720 seconds.
  path: Assets/PreMain
  artifactKey: Guid(4987e44d186b93a4ab9a85021d23dc2c) Importer(815301076,1909f56bfc062723c751e8b465ee728b)
Start importing Assets/PreMain using Guid(4987e44d186b93a4ab9a85021d23dc2c) Importer(815301076,1909f56bfc062723c751e8b465ee728b)  -> (artifact id: '91ef6a5260226313d3f18bc484c2dabe') in 0.001243 seconds 
========================================================================
Received Import Request.
  Time since last request: 20.252871 seconds.
  path: Assets
  artifactKey: Guid(00000000000000001000000000000000) Importer(815301076,1909f56bfc062723c751e8b465ee728b)
Start importing Assets using Guid(00000000000000001000000000000000) Importer(815301076,1909f56bfc062723c751e8b465ee728b)  -> (artifact id: '79842766b460edbeab6a34051e857a80') in 0.001268 seconds 
========================================================================
Received Import Request.
  Time since last request: 3.933831 seconds.
  path: Assets/Audio
  artifactKey: Guid(43a718008d84ad249b33f0cfa82f3ed4) Importer(815301076,1909f56bfc062723c751e8b465ee728b)
Start importing Assets/Audio using Guid(43a718008d84ad249b33f0cfa82f3ed4) Importer(815301076,1909f56bfc062723c751e8b465ee728b)  -> (artifact id: '7d1d5e50e05c51a2e673e7f38ee29ffa') in 0.001551 seconds 
========================================================================
Received Import Request.
  Time since last request: 6.666231 seconds.
  path: Assets/Reseources
  artifactKey: Guid(fcdbddf216602d546bf6b21dd985a86e) Importer(815301076,1909f56bfc062723c751e8b465ee728b)
Start importing Assets/Reseources using Guid(fcdbddf216602d546bf6b21dd985a86e) Importer(815301076,1909f56bfc062723c751e8b465ee728b)  -> (artifact id: '75ed4582c69126a40a89a354ff443bd7') in 0.001419 seconds 
========================================================================
Received Import Request.
  Time since last request: 3.874490 seconds.
  path: Assets/Resources
  artifactKey: Guid(fcdbddf216602d546bf6b21dd985a86e) Importer(815301076,1909f56bfc062723c751e8b465ee728b)
Start importing Assets/Resources using Guid(fcdbddf216602d546bf6b21dd985a86e) Importer(815301076,1909f56bfc062723c751e8b465ee728b)  -> (artifact id: '8c4edd1384854be73e4e622b63184365') in 0.001203 seconds 
========================================================================
Received Import Request.
  Time since last request: 4.906621 seconds.
  path: Assets/Fonts
  artifactKey: Guid(bcf9ccf1b05cc6047a1db6e46b306727) Importer(815301076,1909f56bfc062723c751e8b465ee728b)
Start importing Assets/Fonts using Guid(bcf9ccf1b05cc6047a1db6e46b306727) Importer(815301076,1909f56bfc062723c751e8b465ee728b)  -> (artifact id: 'cf15c825100dd366f84785795d27e3f0') in 0.001321 seconds 
========================================================================
Received Import Request.
  Time since last request: 6.861720 seconds.
  path: Assets/Music
  artifactKey: Guid(846f9dfd9bab8e84e90d618e44352142) Importer(815301076,1909f56bfc062723c751e8b465ee728b)
Start importing Assets/Music using Guid(846f9dfd9bab8e84e90d618e44352142) Importer(815301076,1909f56bfc062723c751e8b465ee728b)  -> (artifact id: '51e4cc741f2ca113526684bd44fa0e67') in 0.001486 seconds 
========================================================================
Received Import Request.
  Time since last request: 5.003372 seconds.
  path: Assets/SFX
  artifactKey: Guid(6a3d43bca85b8544db936d402a91d77b) Importer(815301076,1909f56bfc062723c751e8b465ee728b)
Start importing Assets/SFX using Guid(6a3d43bca85b8544db936d402a91d77b) Importer(815301076,1909f56bfc062723c751e8b465ee728b)  -> (artifact id: 'e09b42e3ea3a3521ece6b8d8a2159a08') in 0.001255 seconds 
========================================================================
Received Import Request.
  Time since last request: 36.277931 seconds.
  path: Assets/Models
  artifactKey: Guid(6138dee219317cb4a9e9b3e0a298e73d) Importer(815301076,1909f56bfc062723c751e8b465ee728b)
Start importing Assets/Models using Guid(6138dee219317cb4a9e9b3e0a298e73d) Importer(815301076,1909f56bfc062723c751e8b465ee728b)  -> (artifact id: '2a17cc7a0b640d92025700dfa234450c') in 0.001280 seconds 
========================================================================
Received Import Request.
  Time since last request: 23.233519 seconds.
  path: Assets/Models/Obj_Name
  artifactKey: Guid(63472f3fc33df93468d97dea694765b1) Importer(815301076,1909f56bfc062723c751e8b465ee728b)
Start importing Assets/Models/Obj_Name using Guid(63472f3fc33df93468d97dea694765b1) Importer(815301076,1909f56bfc062723c751e8b465ee728b)  -> (artifact id: 'a40290895a17d714630806cd2c707c6b') in 0.001252 seconds 
========================================================================
Received Import Request.
  Time since last request: 13.638860 seconds.
  path: Assets/Models/Obj-ExampleName
  artifactKey: Guid(63472f3fc33df93468d97dea694765b1) Importer(815301076,1909f56bfc062723c751e8b465ee728b)
Start importing Assets/Models/Obj-ExampleName using Guid(63472f3fc33df93468d97dea694765b1) Importer(815301076,1909f56bfc062723c751e8b465ee728b)  -> (artifact id: '001d27103f3a096a503e53d090dade26') in 0.010166 seconds 
========================================================================
Received Import Request.
  Time since last request: 48.774931 seconds.
  path: Assets/Models/Obj-ExampleName/Object.txt
  artifactKey: Guid(0f535723dd86ff04bbb9069ea7c540f5) Importer(815301076,1909f56bfc062723c751e8b465ee728b)
Start importing Assets/Models/Obj-ExampleName/Object.txt using Guid(0f535723dd86ff04bbb9069ea7c540f5) Importer(815301076,1909f56bfc062723c751e8b465ee728b)  -> (artifact id: '322fd017da4ae41054425a8391f0ffad') in 0.035721 seconds 
========================================================================
Received Import Request.
  Time since last request: 158.578663 seconds.
  path: Assets/Models/Obj-ExampleName/Object.txt
  artifactKey: Guid(0f535723dd86ff04bbb9069ea7c540f5) Importer(815301076,1909f56bfc062723c751e8b465ee728b)
Start importing Assets/Models/Obj-ExampleName/Object.txt using Guid(0f535723dd86ff04bbb9069ea7c540f5) Importer(815301076,1909f56bfc062723c751e8b465ee728b)  -> (artifact id: '2469c1e4919609b1440458f3bea5f03b') in 0.001735 seconds 
========================================================================
Received Import Request.
  Time since last request: 5.126079 seconds.
  path: Assets/Models/Obj-ExampleName/Naming.txt
  artifactKey: Guid(0f535723dd86ff04bbb9069ea7c540f5) Importer(815301076,1909f56bfc062723c751e8b465ee728b)
Start importing Assets/Models/Obj-ExampleName/Naming.txt using Guid(0f535723dd86ff04bbb9069ea7c540f5) Importer(815301076,1909f56bfc062723c751e8b465ee728b)  -> (artifact id: '37b9aacf54c90cb4cea26ef826460095') in 0.001522 seconds 
========================================================================
Received Import Request.
  Time since last request: 3.759964 seconds.
  path: Assets/Models/Obj-ExampleName/Files.txt
  artifactKey: Guid(0f535723dd86ff04bbb9069ea7c540f5) Importer(815301076,1909f56bfc062723c751e8b465ee728b)
Start importing Assets/Models/Obj-ExampleName/Files.txt using Guid(0f535723dd86ff04bbb9069ea7c540f5) Importer(815301076,1909f56bfc062723c751e8b465ee728b)  -> (artifact id: '9070618cd7f4ab2d827115bdb6a2594b') in 0.001515 seconds 
========================================================================
Received Import Request.
  Time since last request: 209.910644 seconds.
  path: Assets/README.md
  artifactKey: Guid(718e033229690be4dbb19537cebd062d) Importer(815301076,1909f56bfc062723c751e8b465ee728b)
Start importing Assets/README.md using Guid(718e033229690be4dbb19537cebd062d) Importer(815301076,1909f56bfc062723c751e8b465ee728b)  -> (artifact id: 'e2ff7a71fed53dd0ebecc939639d2fb4') in 0.005339 seconds 
========================================================================
Received Import Request.
  Time since last request: 19.735130 seconds.
  path: Assets/Models/Files.txt
  artifactKey: Guid(655558512fa64064c965d0e04dc7d8e7) Importer(815301076,1909f56bfc062723c751e8b465ee728b)
Start importing Assets/Models/Files.txt using Guid(655558512fa64064c965d0e04dc7d8e7) Importer(815301076,1909f56bfc062723c751e8b465ee728b)  -> (artifact id: '7aa081cb2ebf48e55043c61c1abacdfc') in 0.001461 seconds 
========================================================================
Received Import Request.
  Time since last request: 181.474648 seconds.
  path: Assets/README.md
  artifactKey: Guid(718e033229690be4dbb19537cebd062d) Importer(815301076,1909f56bfc062723c751e8b465ee728b)
Start importing Assets/README.md using Guid(718e033229690be4dbb19537cebd062d) Importer(815301076,1909f56bfc062723c751e8b465ee728b)  -> (artifact id: '846d33c6d0eb3ba55c761c3195b666c5') in 0.001476 seconds 
========================================================================
Received Import Request.
  Time since last request: 36.138992 seconds.
  path: Assets/Resources/Images
  artifactKey: Guid(1b107e4b5546f7b4994d19a08d1a6b6a) Importer(815301076,1909f56bfc062723c751e8b465ee728b)
Start importing Assets/Resources/Images using Guid(1b107e4b5546f7b4994d19a08d1a6b6a) Importer(815301076,1909f56bfc062723c751e8b465ee728b)  -> (artifact id: 'ac907c450c9c22b46d286835bc75633a') in 0.001280 seconds 
========================================================================
Received Import Request.
  Time since last request: 91.275170 seconds.
  path: Assets/Resources/S1-Base_Defense.unity
  artifactKey: Guid(e717a57c16272f8459f075be2bf76762) Importer(815301076,1909f56bfc062723c751e8b465ee728b)
Start importing Assets/Resources/S1-Base_Defense.unity using Guid(e717a57c16272f8459f075be2bf76762) Importer(815301076,1909f56bfc062723c751e8b465ee728b)  -> (artifact id: '2a559230a50f82c5e712ef1df829a0e4') in 0.001011 seconds 
========================================================================
Received Import Request.
  Time since last request: 12.319249 seconds.
  path: Assets/Models/Models.txt
  artifactKey: Guid(655558512fa64064c965d0e04dc7d8e7) Importer(815301076,1909f56bfc062723c751e8b465ee728b)
Start importing Assets/Models/Models.txt using Guid(655558512fa64064c965d0e04dc7d8e7) Importer(815301076,1909f56bfc062723c751e8b465ee728b)  -> (artifact id: 'f8a883493db84ed4654864509f0e9b58') in 0.001504 seconds 
========================================================================
Received Import Request.
  Time since last request: 54.552875 seconds.
  path: Assets/Fonts/Models.txt
  artifactKey: Guid(a04daaf2388aab04fa2dc36041ae92bd) Importer(815301076,1909f56bfc062723c751e8b465ee728b)
Start importing Assets/Fonts/Models.txt using Guid(a04daaf2388aab04fa2dc36041ae92bd) Importer(815301076,1909f56bfc062723c751e8b465ee728b)  -> (artifact id: '14923960fb05a0f7210bf327760e7e40') in 0.001443 seconds 
========================================================================
Received Import Request.
  Time since last request: 71.962667 seconds.
  path: Assets/Fonts/Models.txt
  artifactKey: Guid(a04daaf2388aab04fa2dc36041ae92bd) Importer(815301076,1909f56bfc062723c751e8b465ee728b)
Start importing Assets/Fonts/Models.txt using Guid(a04daaf2388aab04fa2dc36041ae92bd) Importer(815301076,1909f56bfc062723c751e8b465ee728b)  -> (artifact id: '2ebb69673bd69aa21a9bb2760432220c') in 0.037863 seconds 
========================================================================
Received Import Request.
  Time since last request: 7.310388 seconds.
  path: Assets/Fonts/Models.txt
  artifactKey: Guid(a04daaf2388aab04fa2dc36041ae92bd) Importer(815301076,1909f56bfc062723c751e8b465ee728b)
Start importing Assets/Fonts/Models.txt using Guid(a04daaf2388aab04fa2dc36041ae92bd) Importer(815301076,1909f56bfc062723c751e8b465ee728b)  -> (artifact id: 'c0312cd3704bb78441f3d3352a4ca8de') in 0.081104 seconds 
========================================================================
Received Import Request.
  Time since last request: 4.649119 seconds.
  path: Assets/Fonts/Fonts.txt
  artifactKey: Guid(a04daaf2388aab04fa2dc36041ae92bd) Importer(815301076,1909f56bfc062723c751e8b465ee728b)
Start importing Assets/Fonts/Fonts.txt using Guid(a04daaf2388aab04fa2dc36041ae92bd) Importer(815301076,1909f56bfc062723c751e8b465ee728b)  -> (artifact id: '43b10f0ef275dec6378c8f59f06ba171') in 0.001566 seconds 
========================================================================
Received Import Request.
  Time since last request: 8.343101 seconds.
  path: Assets/Art
  artifactKey: Guid(1b107e4b5546f7b4994d19a08d1a6b6a) Importer(815301076,1909f56bfc062723c751e8b465ee728b)
Start importing Assets/Art using Guid(1b107e4b5546f7b4994d19a08d1a6b6a) Importer(815301076,1909f56bfc062723c751e8b465ee728b)  -> (artifact id: 'cb0d47041f2861cdc9a977222dbfa1e8') in 0.194207 seconds 
========================================================================
Received Import Request.
  Time since last request: 7.233812 seconds.
  path: Assets/Art/Models.txt
  artifactKey: Guid(0da4cd1c64151db41914284f454e2683) Importer(815301076,1909f56bfc062723c751e8b465ee728b)
Start importing Assets/Art/Models.txt using Guid(0da4cd1c64151db41914284f454e2683) Importer(815301076,1909f56bfc062723c751e8b465ee728b)  -> (artifact id: '14c797d1272d0e434e0490f651d1c50e') in 0.001455 seconds 
========================================================================
Received Import Request.
  Time since last request: 4.410417 seconds.
  path: Assets/Art/Art.txt
  artifactKey: Guid(0da4cd1c64151db41914284f454e2683) Importer(815301076,1909f56bfc062723c751e8b465ee728b)
Start importing Assets/Art/Art.txt using Guid(0da4cd1c64151db41914284f454e2683) Importer(815301076,1909f56bfc062723c751e8b465ee728b)  -> (artifact id: '236fb4d44b58d78af340f057ed40a9f3') in 0.001404 seconds 
========================================================================
Received Import Request.
  Time since last request: 130.448087 seconds.
  path: Assets/Art/Art.txt
  artifactKey: Guid(0da4cd1c64151db41914284f454e2683) Importer(815301076,1909f56bfc062723c751e8b465ee728b)
Start importing Assets/Art/Art.txt using Guid(0da4cd1c64151db41914284f454e2683) Importer(815301076,1909f56bfc062723c751e8b465ee728b)  -> (artifact id: '8bfe81c270b135323da9c0113c811e1f') in 0.042146 seconds 
========================================================================
Received Import Request.
  Time since last request: 28.077609 seconds.
  path: Assets/Audio/Art.txt
  artifactKey: Guid(21be92bcd64693e4f9b167a8a6e31942) Importer(815301076,1909f56bfc062723c751e8b465ee728b)
Start importing Assets/Audio/Art.txt using Guid(21be92bcd64693e4f9b167a8a6e31942) Importer(815301076,1909f56bfc062723c751e8b465ee728b)  -> (artifact id: 'e247a9276179b16b11ced9d497de2e72') in 0.001514 seconds 
========================================================================
Received Import Request.
  Time since last request: 16.132933 seconds.
  path: Assets/Audio/Audio.txt
  artifactKey: Guid(21be92bcd64693e4f9b167a8a6e31942) Importer(815301076,1909f56bfc062723c751e8b465ee728b)
Start importing Assets/Audio/Audio.txt using Guid(21be92bcd64693e4f9b167a8a6e31942) Importer(815301076,1909f56bfc062723c751e8b465ee728b)  -> (artifact id: '1b1cc525ab7974048c4c44fcf61581e7') in 0.001430 seconds 
========================================================================
Received Import Request.
  Time since last request: 57.336768 seconds.
  path: Assets/Audio/Audio.txt
  artifactKey: Guid(21be92bcd64693e4f9b167a8a6e31942) Importer(815301076,1909f56bfc062723c751e8b465ee728b)
Start importing Assets/Audio/Audio.txt using Guid(21be92bcd64693e4f9b167a8a6e31942) Importer(815301076,1909f56bfc062723c751e8b465ee728b)  -> (artifact id: '354f9c62b70cb3db49f358ea18487d92') in 0.046150 seconds 
========================================================================
Received Import Request.
  Time since last request: 14.775275 seconds.
  path: Assets/L0-Hub/Art.txt
  artifactKey: Guid(c8cc72a3d3e2409429dd98a63a8a8dee) Importer(815301076,1909f56bfc062723c751e8b465ee728b)
Start importing Assets/L0-Hub/Art.txt using Guid(c8cc72a3d3e2409429dd98a63a8a8dee) Importer(815301076,1909f56bfc062723c751e8b465ee728b)  -> (artifact id: '95b3abb834ab4e2b4905e1dc80c52998') in 0.001441 seconds 
========================================================================
Received Import Request.
  Time since last request: 8.986710 seconds.
  path: Assets/L0-Hub/Files.txt
  artifactKey: Guid(c8cc72a3d3e2409429dd98a63a8a8dee) Importer(815301076,1909f56bfc062723c751e8b465ee728b)
Start importing Assets/L0-Hub/Files.txt using Guid(c8cc72a3d3e2409429dd98a63a8a8dee) Importer(815301076,1909f56bfc062723c751e8b465ee728b)  -> (artifact id: '891b9b975448864bc755e23726e66ec3') in 0.001421 seconds 
========================================================================
Received Import Request.
  Time since last request: 11.273009 seconds.
  path: Assets/Scripts
  artifactKey: Guid(7646716d1ddaa004abe632c676b45cc5) Importer(815301076,1909f56bfc062723c751e8b465ee728b)
Start importing Assets/Scripts using Guid(7646716d1ddaa004abe632c676b45cc5) Importer(815301076,1909f56bfc062723c751e8b465ee728b)  -> (artifact id: 'de64a4cc4a05bc2eb1ca501053314ff3') in 0.001222 seconds 
========================================================================
Received Import Request.
  Time since last request: 20.448657 seconds.
  path: Assets/Scripts/Scripts
  artifactKey: Guid(88d4041813ec3044a91b72c3cf97f594) Importer(815301076,1909f56bfc062723c751e8b465ee728b)
Start importing Assets/Scripts/Scripts using Guid(88d4041813ec3044a91b72c3cf97f594) Importer(815301076,1909f56bfc062723c751e8b465ee728b)  -> (artifact id: 'f4dcb95c2b32b51b34f9206a9be2541d') in 0.001172 seconds 
========================================================================
Received Import Request.
  Time since last request: 146.888928 seconds.
  path: Assets/L0-Hub/Files.txt
  artifactKey: Guid(c8cc72a3d3e2409429dd98a63a8a8dee) Importer(815301076,1909f56bfc062723c751e8b465ee728b)
Start importing Assets/L0-Hub/Files.txt using Guid(c8cc72a3d3e2409429dd98a63a8a8dee) Importer(815301076,1909f56bfc062723c751e8b465ee728b)  -> (artifact id: 'df9669b21d702de013abfc8e0c2e8321') in 0.001726 seconds 
========================================================================
Received Import Request.
  Time since last request: 88.611899 seconds.
  path: Assets/README.md
  artifactKey: Guid(718e033229690be4dbb19537cebd062d) Importer(815301076,1909f56bfc062723c751e8b465ee728b)
Start importing Assets/README.md using Guid(718e033229690be4dbb19537cebd062d) Importer(815301076,1909f56bfc062723c751e8b465ee728b)  -> (artifact id: 'c062ce43c83469ddd0e42829d4c59558') in 0.001655 seconds 
========================================================================
Received Import Request.
  Time since last request: 137.578834 seconds.
  path: Assets/README.md
  artifactKey: Guid(718e033229690be4dbb19537cebd062d) Importer(815301076,1909f56bfc062723c751e8b465ee728b)
Start importing Assets/README.md using Guid(718e033229690be4dbb19537cebd062d) Importer(815301076,1909f56bfc062723c751e8b465ee728b)  -> (artifact id: 'efdc898eb16b8fa53e13c5bdb3b91d81') in 0.002083 seconds 
